<?xml version="1.0" encoding="UTF-8"?>
<!-- Generated by org.testng.reporters.JUnitReportReporter -->
<testsuite skipped="1" hostname="DESKTOP-FECRF73" name="Register_php.registeration.Register" tests="1" failures="0" timestamp="17 May 2021 06:23:43 GMT" time="0.000" errors="0">
  <testcase name="registerclass" time="0.000" classname="Register_php.registeration.Register">
    <skipped/>
  </testcase> <!-- registerclass -->
</testsuite> <!-- Register_php.registeration.Register -->
